Parsed file: Server/temp-file-upload/test-repo/classDec.js
AST: {
  "type": "Program",
  "start": 0,
  "end": 745,
  "loc": {
    "start": {
      "line": 1,
      "column": 0
    },
    "end": {
      "line": 46,
      "column": 0
    }
  },
  "body": [
    {
      "type": "ClassDeclaration",
      "start": 22,
      "end": 274,
      "loc": {
        "start": {
          "line": 2,
          "column": 0
        },
        "end": {
          "line": 17,
          "column": 1
        }
      },
      "id": {
        "type": "Identifier",
        "start": 28,
        "end": 34,
        "loc": {
          "start": {
            "line": 2,
            "column": 6
          },
          "end": {
            "line": 2,
            "column": 12
          }
        },
        "name": "Animal"
      },
      "superClass": null,
      "body": {
        "type": "ClassBody",
        "start": 35,
        "end": 274,
        "loc": {
          "start": {
            "line": 2,
            "column": 13
          },
          "end": {
            "line": 17,
            "column": 1
          }
        },
        "body": [
          {
            "type": "MethodDefinition",
            "start": 39,
            "end": 169,
            "loc": {
              "start": {
                "line": 3,
                "column": 2
              },
              "end": {
                "line": 8,
                "column": 3
              }
            },
            "static": false,
            "computed": false,
            "key": {
              "type": "Identifier",
              "start": 39,
              "end": 50,
              "loc": {
                "start": {
                  "line": 3,
                  "column": 2
                },
                "end": {
                  "line": 3,
                  "column": 13
                }
              },
              "name": "constructor"
            },
            "kind": "constructor",
            "value": {
              "type": "FunctionExpression",
              "start": 50,
              "end": 169,
              "loc": {
                "start": {
                  "line": 3,
                  "column": 13
                },
                "end": {
                  "line": 8,
                  "column": 3
                }
              },
              "id": null,
              "expression": false,
              "generator": false,
              "async": false,
              "params": [
                {
                  "type": "Identifier",
                  "start": 51,
                  "end": 55,
                  "loc": {
                    "start": {
                      "line": 3,
                      "column": 14
                    },
                    "end": {
                      "line": 3,
                      "column": 18
                    }
                  },
                  "name": "name"
                },
                {
                  "type": "Identifier",
                  "start": 57,
                  "end": 62,
                  "loc": {
                    "start": {
                      "line": 3,
                      "column": 20
                    },
                    "end": {
                      "line": 3,
                      "column": 25
                    }
                  },
                  "name": "sound"
                },
                {
                  "type": "Identifier",
                  "start": 63,
                  "end": 67,
                  "loc": {
                    "start": {
                      "line": 3,
                      "column": 26
                    },
                    "end": {
                      "line": 3,
                      "column": 30
                    }
                  },
                  "name": "fuck"
                }
              ],
              "body": {
                "type": "BlockStatement",
                "start": 69,
                "end": 169,
                "loc": {
                  "start": {
                    "line": 3,
                    "column": 32
                  },
                  "end": {
                    "line": 8,
                    "column": 3
                  }
                },
                "body": [
                  {
                    "type": "ExpressionStatement",
                    "start": 75,
                    "end": 92,
                    "loc": {
                      "start": {
                        "line": 4,
                        "column": 4
                      },
                      "end": {
                        "line": 4,
                        "column": 21
                      }
                    },
                    "expression": {
                      "type": "AssignmentExpression",
                      "start": 75,
                      "end": 91,
                      "loc": {
                        "start": {
                          "line": 4,
                          "column": 4
                        },
                        "end": {
                          "line": 4,
                          "column": 20
                        }
                      },
                      "operator": "=",
                      "left": {
                        "type": "MemberExpression",
                        "start": 75,
                        "end": 84,
                        "loc": {
                          "start": {
                            "line": 4,
                            "column": 4
                          },
                          "end": {
                            "line": 4,
                            "column": 13
                          }
                        },
                        "object": {
                          "type": "ThisExpression",
                          "start": 75,
                          "end": 79,
                          "loc": {
                            "start": {
                              "line": 4,
                              "column": 4
                            },
                            "end": {
                              "line": 4,
                              "column": 8
                            }
                          }
                        },
                        "property": {
                          "type": "Identifier",
                          "start": 80,
                          "end": 84,
                          "loc": {
                            "start": {
                              "line": 4,
                              "column": 9
                            },
                            "end": {
                              "line": 4,
                              "column": 13
                            }
                          },
                          "name": "name"
                        },
                        "computed": false,
                        "optional": false
                      },
                      "right": {
                        "type": "Identifier",
                        "start": 87,
                        "end": 91,
                        "loc": {
                          "start": {
                            "line": 4,
                            "column": 16
                          },
                          "end": {
                            "line": 4,
                            "column": 20
                          }
                        },
                        "name": "name"
                      }
                    }
                  },
                  {
                    "type": "ExpressionStatement",
                    "start": 97,
                    "end": 116,
                    "loc": {
                      "start": {
                        "line": 5,
                        "column": 4
                      },
                      "end": {
                        "line": 5,
                        "column": 23
                      }
                    },
                    "expression": {
                      "type": "AssignmentExpression",
                      "start": 97,
                      "end": 115,
                      "loc": {
                        "start": {
                          "line": 5,
                          "column": 4
                        },
                        "end": {
                          "line": 5,
                          "column": 22
                        }
                      },
                      "operator": "=",
                      "left": {
                        "type": "MemberExpression",
                        "start": 97,
                        "end": 107,
                        "loc": {
                          "start": {
                            "line": 5,
                            "column": 4
                          },
                          "end": {
                            "line": 5,
                            "column": 14
                          }
                        },
                        "object": {
                          "type": "ThisExpression",
                          "start": 97,
                          "end": 101,
                          "loc": {
                            "start": {
                              "line": 5,
                              "column": 4
                            },
                            "end": {
                              "line": 5,
                              "column": 8
                            }
                          }
                        },
                        "property": {
                          "type": "Identifier",
                          "start": 102,
                          "end": 107,
                          "loc": {
                            "start": {
                              "line": 5,
                              "column": 9
                            },
                            "end": {
                              "line": 5,
                              "column": 14
                            }
                          },
                          "name": "sound"
                        },
                        "computed": false,
                        "optional": false
                      },
                      "right": {
                        "type": "Identifier",
                        "start": 110,
                        "end": 115,
                        "loc": {
                          "start": {
                            "line": 5,
                            "column": 17
                          },
                          "end": {
                            "line": 5,
                            "column": 22
                          }
                        },
                        "name": "sound"
                      }
                    }
                  },
                  {
                    "type": "ExpressionStatement",
                    "start": 121,
                    "end": 139,
                    "loc": {
                      "start": {
                        "line": 6,
                        "column": 4
                      },
                      "end": {
                        "line": 6,
                        "column": 22
                      }
                    },
                    "expression": {
                      "type": "AssignmentExpression",
                      "start": 121,
                      "end": 139,
                      "loc": {
                        "start": {
                          "line": 6,
                          "column": 4
                        },
                        "end": {
                          "line": 6,
                          "column": 22
                        }
                      },
                      "operator": "=",
                      "left": {
                        "type": "MemberExpression",
                        "start": 121,
                        "end": 130,
                        "loc": {
                          "start": {
                            "line": 6,
                            "column": 4
                          },
                          "end": {
                            "line": 6,
                            "column": 13
                          }
                        },
                        "object": {
                          "type": "ThisExpression",
                          "start": 121,
                          "end": 125,
                          "loc": {
                            "start": {
                              "line": 6,
                              "column": 4
                            },
                            "end": {
                              "line": 6,
                              "column": 8
                            }
                          }
                        },
                        "property": {
                          "type": "Identifier",
                          "start": 126,
                          "end": 130,
                          "loc": {
                            "start": {
                              "line": 6,
                              "column": 9
                            },
                            "end": {
                              "line": 6,
                              "column": 13
                            }
                          },
                          "name": "test"
                        },
                        "computed": false,
                        "optional": false
                      },
                      "right": {
                        "type": "Literal",
                        "start": 133,
                        "end": 139,
                        "loc": {
                          "start": {
                            "line": 6,
                            "column": 16
                          },
                          "end": {
                            "line": 6,
                            "column": 22
                          }
                        },
                        "value": "yupp",
                        "raw": "'yupp'"
                      }
                    }
                  },
                  {
                    "type": "ExpressionStatement",
                    "start": 144,
                    "end": 165,
                    "loc": {
                      "start": {
                        "line": 7,
                        "column": 4
                      },
                      "end": {
                        "line": 7,
                        "column": 25
                      }
                    },
                    "expression": {
                      "type": "AssignmentExpression",
                      "start": 144,
                      "end": 165,
                      "loc": {
                        "start": {
                          "line": 7,
                          "column": 4
                        },
                        "end": {
                          "line": 7,
                          "column": 25
                        }
                      },
                      "operator": "=",
                      "left": {
                        "type": "MemberExpression",
                        "start": 144,
                        "end": 154,
                        "loc": {
                          "start": {
                            "line": 7,
                            "column": 4
                          },
                          "end": {
                            "line": 7,
                            "column": 14
                          }
                        },
                        "object": {
                          "type": "ThisExpression",
                          "start": 144,
                          "end": 148,
                          "loc": {
                            "start": {
                              "line": 7,
                              "column": 4
                            },
                            "end": {
                              "line": 7,
                              "column": 8
                            }
                          }
                        },
                        "property": {
                          "type": "Identifier",
                          "start": 149,
                          "end": 154,
                          "loc": {
                            "start": {
                              "line": 7,
                              "column": 9
                            },
                            "end": {
                              "line": 7,
                              "column": 14
                            }
                          },
                          "name": "test2"
                        },
                        "computed": false,
                        "optional": false
                      },
                      "right": {
                        "type": "Literal",
                        "start": 157,
                        "end": 165,
                        "loc": {
                          "start": {
                            "line": 7,
                            "column": 17
                          },
                          "end": {
                            "line": 7,
                            "column": 25
                          }
                        },
                        "value": "noting",
                        "raw": "'noting'"
                      }
                    }
                  }
                ]
              }
            }
          },
          {
            "type": "MethodDefinition",
            "start": 173,
            "end": 219,
            "loc": {
              "start": {
                "line": 10,
                "column": 2
              },
              "end": {
                "line": 12,
                "column": 3
              }
            },
            "static": false,
            "computed": false,
            "key": {
              "type": "Identifier",
              "start": 173,
              "end": 182,
              "loc": {
                "start": {
                  "line": 10,
                  "column": 2
                },
                "end": {
                  "line": 10,
                  "column": 11
                }
              },
              "name": "makeSound"
            },
            "kind": "method",
            "value": {
              "type": "FunctionExpression",
              "start": 182,
              "end": 219,
              "loc": {
                "start": {
                  "line": 10,
                  "column": 11
                },
                "end": {
                  "line": 12,
                  "column": 3
                }
              },
              "id": null,
              "expression": false,
              "generator": false,
              "async": false,
              "params": [],
              "body": {
                "type": "BlockStatement",
                "start": 185,
                "end": 219,
                "loc": {
                  "start": {
                    "line": 10,
                    "column": 14
                  },
                  "end": {
                    "line": 12,
                    "column": 3
                  }
                },
                "body": [
                  {
                    "type": "ExpressionStatement",
                    "start": 191,
                    "end": 215,
                    "loc": {
                      "start": {
                        "line": 11,
                        "column": 4
                      },
                      "end": {
                        "line": 11,
                        "column": 28
                      }
                    },
                    "expression": {
                      "type": "CallExpression",
                      "start": 191,
                      "end": 214,
                      "loc": {
                        "start": {
                          "line": 11,
                          "column": 4
                        },
                        "end": {
                          "line": 11,
                          "column": 27
                        }
                      },
                      "callee": {
                        "type": "MemberExpression",
                        "start": 191,
                        "end": 202,
                        "loc": {
                          "start": {
                            "line": 11,
                            "column": 4
                          },
                          "end": {
                            "line": 11,
                            "column": 15
                          }
                        },
                        "object": {
                          "type": "Identifier",
                          "start": 191,
                          "end": 198,
                          "loc": {
                            "start": {
                              "line": 11,
                              "column": 4
                            },
                            "end": {
                              "line": 11,
                              "column": 11
                            }
                          },
                          "name": "console"
                        },
                        "property": {
                          "type": "Identifier",
                          "start": 199,
                          "end": 202,
                          "loc": {
                            "start": {
                              "line": 11,
                              "column": 12
                            },
                            "end": {
                              "line": 11,
                              "column": 15
                            }
                          },
                          "name": "log"
                        },
                        "computed": false,
                        "optional": false
                      },
                      "arguments": [
                        {
                          "type": "MemberExpression",
                          "start": 203,
                          "end": 213,
                          "loc": {
                            "start": {
                              "line": 11,
                              "column": 16
                            },
                            "end": {
                              "line": 11,
                              "column": 26
                            }
                          },
                          "object": {
                            "type": "ThisExpression",
                            "start": 203,
                            "end": 207,
                            "loc": {
                              "start": {
                                "line": 11,
                                "column": 16
                              },
                              "end": {
                                "line": 11,
                                "column": 20
                              }
                            }
                          },
                          "property": {
                            "type": "Identifier",
                            "start": 208,
                            "end": 213,
                            "loc": {
                              "start": {
                                "line": 11,
                                "column": 21
                              },
                              "end": {
                                "line": 11,
                                "column": 26
                              }
                            },
                            "name": "sound"
                          },
                          "computed": false,
                          "optional": false
                        }
                      ],
                      "optional": false
                    }
                  }
                ]
              }
            }
          }
        ]
      }
    }
  ],
  "sourceType": "module"
}

Parsed file: Server/temp-file-upload/test-repo/funcExpressions.js
AST: {
  "type": "Program",
  "start": 0,
  "end": 562,
  "loc": {
    "start": {
      "line": 1,
      "column": 0
    },
    "end": {
      "line": 36,
      "column": 0
    }
  },
  "body": [
    {
      "type": "FunctionDeclaration",
      "start": 25,
      "end": 63,
      "loc": {
        "start": {
          "line": 2,
          "column": 0
        },
        "end": {
          "line": 4,
          "column": 1
        }
      },
      "id": {
        "type": "Identifier",
        "start": 34,
        "end": 37,
        "loc": {
          "start": {
            "line": 2,
            "column": 9
          },
          "end": {
            "line": 2,
            "column": 12
          }
        },
        "name": "add"
      },
      "expression": false,
      "generator": false,
      "async": false,
      "params": [
        {
          "type": "Identifier",
          "start": 38,
          "end": 39,
          "loc": {
            "start": {
              "line": 2,
              "column": 13
            },
            "end": {
              "line": 2,
              "column": 14
            }
          },
          "name": "a"
        },
        {
          "type": "Identifier",
          "start": 41,
          "end": 42,
          "loc": {
            "start": {
              "line": 2,
              "column": 16
            },
            "end": {
              "line": 2,
              "column": 17
            }
          },
          "name": "b"
        }
      ],
      "body": {
        "type": "BlockStatement",
        "start": 44,
        "end": 63,
        "loc": {
          "start": {
            "line": 2,
            "column": 19
          },
          "end": {
            "line": 4,
            "column": 1
          }
        },
        "body": [
          {
            "type": "ReturnStatement",
            "start": 48,
            "end": 61,
            "loc": {
              "start": {
                "line": 3,
                "column": 2
              },
              "end": {
                "line": 3,
                "column": 15
              }
            },
            "argument": {
              "type": "BinaryExpression",
              "start": 55,
              "end": 60,
              "loc": {
                "start": {
                  "line": 3,
                  "column": 9
                },
                "end": {
                  "line": 3,
                  "column": 14
                }
              },
              "left": {
                "type": "Identifier",
                "start": 55,
                "end": 56,
                "loc": {
                  "start": {
                    "line": 3,
                    "column": 9
                  },
                  "end": {
                    "line": 3,
                    "column": 10
                  }
                },
                "name": "a"
              },
              "operator": "+",
              "right": {
                "type": "Identifier",
                "start": 59,
                "end": 60,
                "loc": {
                  "start": {
                    "line": 3,
                    "column": 13
                  },
                  "end": {
                    "line": 3,
                    "column": 14
                  }
                },
                "name": "b"
              }
            }
          }
        ]
      }
    },
    {
      "type": "FunctionDeclaration",
      "start": 65,
      "end": 108,
      "loc": {
        "start": {
          "line": 6,
          "column": 0
        },
        "end": {
          "line": 8,
          "column": 1
        }
      },
      "id": {
        "type": "Identifier",
        "start": 74,
        "end": 82,
        "loc": {
          "start": {
            "line": 6,
            "column": 9
          },
          "end": {
            "line": 6,
            "column": 17
          }
        },
        "name": "subtract"
      },
      "expression": false,
      "generator": false,
      "async": false,
      "params": [
        {
          "type": "Identifier",
          "start": 83,
          "end": 84,
          "loc": {
            "start": {
              "line": 6,
              "column": 18
            },
            "end": {
              "line": 6,
              "column": 19
            }
          },
          "name": "a"
        },
        {
          "type": "Identifier",
          "start": 86,
          "end": 87,
          "loc": {
            "start": {
              "line": 6,
              "column": 21
            },
            "end": {
              "line": 6,
              "column": 22
            }
          },
          "name": "b"
        }
      ],
      "body": {
        "type": "BlockStatement",
        "start": 89,
        "end": 108,
        "loc": {
          "start": {
            "line": 6,
            "column": 24
          },
          "end": {
            "line": 8,
            "column": 1
          }
        },
        "body": [
          {
            "type": "ReturnStatement",
            "start": 93,
            "end": 106,
            "loc": {
              "start": {
                "line": 7,
                "column": 2
              },
              "end": {
                "line": 7,
                "column": 15
              }
            },
            "argument": {
              "type": "BinaryExpression",
              "start": 100,
              "end": 105,
              "loc": {
                "start": {
                  "line": 7,
                  "column": 9
                },
                "end": {
                  "line": 7,
                  "column": 14
                }
              },
              "left": {
                "type": "Identifier",
                "start": 100,
                "end": 101,
                "loc": {
                  "start": {
                    "line": 7,
                    "column": 9
                  },
                  "end": {
                    "line": 7,
                    "column": 10
                  }
                },
                "name": "a"
              },
              "operator": "-",
              "right": {
                "type": "Identifier",
                "start": 104,
                "end": 105,
                "loc": {
                  "start": {
                    "line": 7,
                    "column": 13
                  },
                  "end": {
                    "line": 7,
                    "column": 14
                  }
                },
                "name": "b"
              }
            }
          }
        ]
      }
    },
    {
      "type": "VariableDeclaration",
      "start": 134,
      "end": 186,
      "loc": {
        "start": {
          "line": 11,
          "column": 0
        },
        "end": {
          "line": 13,
          "column": 2
        }
      },
      "declarations": [
        {
          "type": "VariableDeclarator",
          "start": 140,
          "end": 185,
          "loc": {
            "start": {
              "line": 11,
              "column": 6
            },
            "end": {
              "line": 13,
              "column": 1
            }
          },
          "id": {
            "type": "Identifier",
            "start": 140,
            "end": 148,
            "loc": {
              "start": {
                "line": 11,
                "column": 6
              },
              "end": {
                "line": 11,
                "column": 14
              }
            },
            "name": "multiply"
          },
          "init": {
            "type": "FunctionExpression",
            "start": 151,
            "end": 185,
            "loc": {
              "start": {
                "line": 11,
                "column": 17
              },
              "end": {
                "line": 13,
                "column": 1
              }
            },
            "id": null,
            "expression": false,
            "generator": false,
            "async": false,
            "params": [
              {
                "type": "Identifier",
                "start": 160,
                "end": 161,
                "loc": {
                  "start": {
                    "line": 11,
                    "column": 26
                  },
                  "end": {
                    "line": 11,
                    "column": 27
                  }
                },
                "name": "f"
              },
              {
                "type": "Identifier",
                "start": 163,
                "end": 164,
                "loc": {
                  "start": {
                    "line": 11,
                    "column": 29
                  },
                  "end": {
                    "line": 11,
                    "column": 30
                  }
                },
                "name": "g"
              }
            ],
            "body": {
              "type": "BlockStatement",
              "start": 166,
              "end": 185,
              "loc": {
                "start": {
                  "line": 11,
                  "column": 32
                },
                "end": {
                  "line": 13,
                  "column": 1
                }
              },
              "body": [
                {
                  "type": "ReturnStatement",
                  "start": 170,
                  "end": 183,
                  "loc": {
                    "start": {
                      "line": 12,
                      "column": 2
                    },
                    "end": {
                      "line": 12,
                      "column": 15
                    }
                  },
                  "argument": {
                    "type": "BinaryExpression",
                    "start": 177,
                    "end": 182,
                    "loc": {
                      "start": {
                        "line": 12,
                        "column": 9
                      },
                      "end": {
                        "line": 12,
                        "column": 14
                      }
                    },
                    "left": {
                      "type": "Identifier",
                      "start": 177,
                      "end": 178,
                      "loc": {
                        "start": {
                          "line": 12,
                          "column": 9
                        },
                        "end": {
                          "line": 12,
                          "column": 10
                        }
                      },
                      "name": "w"
                    },
                    "operator": "*",
                    "right": {
                      "type": "Identifier",
                      "start": 181,
                      "end": 182,
                      "loc": {
                        "start": {
                          "line": 12,
                          "column": 13
                        },
                        "end": {
                          "line": 12,
                          "column": 14
                        }
                      },
                      "name": "e"
                    }
                  }
                }
              ]
            }
          }
        }
      ],
      "kind": "const"
    },
    {
      "type": "VariableDeclaration",
      "start": 188,
      "end": 238,
      "loc": {
        "start": {
          "line": 15,
          "column": 0
        },
        "end": {
          "line": 17,
          "column": 2
        }
      },
      "declarations": [
        {
          "type": "VariableDeclarator",
          "start": 194,
          "end": 237,
          "loc": {
            "start": {
              "line": 15,
              "column": 6
            },
            "end": {
              "line": 17,
              "column": 1
            }
          },
          "id": {
            "type": "Identifier",
            "start": 194,
            "end": 200,
            "loc": {
              "start": {
                "line": 15,
                "column": 6
              },
              "end": {
                "line": 15,
                "column": 12
              }
            },
            "name": "divide"
          },
          "init": {
            "type": "FunctionExpression",
            "start": 203,
            "end": 237,
            "loc": {
              "start": {
                "line": 15,
                "column": 15
              },
              "end": {
                "line": 17,
                "column": 1
              }
            },
            "id": null,
            "expression": false,
            "generator": false,
            "async": false,
            "params": [
              {
                "type": "Identifier",
                "start": 212,
                "end": 213,
                "loc": {
                  "start": {
                    "line": 15,
                    "column": 24
                  },
                  "end": {
                    "line": 15,
                    "column": 25
                  }
                },
                "name": "x"
              },
              {
                "type": "Identifier",
                "start": 215,
                "end": 216,
                "loc": {
                  "start": {
                    "line": 15,
                    "column": 27
                  },
                  "end": {
                    "line": 15,
                    "column": 28
                  }
                },
                "name": "z"
              }
            ],
            "body": {
              "type": "BlockStatement",
              "start": 218,
              "end": 237,
              "loc": {
                "start": {
                  "line": 15,
                  "column": 30
                },
                "end": {
                  "line": 17,
                  "column": 1
                }
              },
              "body": [
                {
                  "type": "ReturnStatement",
                  "start": 222,
                  "end": 235,
                  "loc": {
                    "start": {
                      "line": 16,
                      "column": 2
                    },
                    "end": {
                      "line": 16,
                      "column": 15
                    }
                  },
                  "argument": {
                    "type": "BinaryExpression",
                    "start": 229,
                    "end": 234,
                    "loc": {
                      "start": {
                        "line": 16,
                        "column": 9
                      },
                      "end": {
                        "line": 16,
                        "column": 14
                      }
                    },
                    "left": {
                      "type": "Identifier",
                      "start": 229,
                      "end": 230,
                      "loc": {
                        "start": {
                          "line": 16,
                          "column": 9
                        },
                        "end": {
                          "line": 16,
                          "column": 10
                        }
                      },
                      "name": "g"
                    },
                    "operator": "/",
                    "right": {
                      "type": "Identifier",
                      "start": 233,
                      "end": 234,
                      "loc": {
                        "start": {
                          "line": 16,
                          "column": 13
                        },
                        "end": {
                          "line": 16,
                          "column": 14
                        }
                      },
                      "name": "v"
                    }
                  }
                }
              ]
            }
          }
        }
      ],
      "kind": "const"
    },
    {
      "type": "VariableDeclaration",
      "start": 259,
      "end": 301,
      "loc": {
        "start": {
          "line": 20,
          "column": 0
        },
        "end": {
          "line": 22,
          "column": 2
        }
      },
      "declarations": [
        {
          "type": "VariableDeclarator",
          "start": 265,
          "end": 300,
          "loc": {
            "start": {
              "line": 20,
              "column": 6
            },
            "end": {
              "line": 22,
              "column": 1
            }
          },
          "id": {
            "type": "Identifier",
            "start": 265,
            "end": 271,
            "loc": {
              "start": {
                "line": 20,
                "column": 6
              },
              "end": {
                "line": 20,
                "column": 12
              }
            },
            "name": "square"
          },
          "init": {
            "type": "ArrowFunctionExpression",
            "start": 274,
            "end": 300,
            "loc": {
              "start": {
                "line": 20,
                "column": 15
              },
              "end": {
                "line": 22,
                "column": 1
              }
            },
            "id": null,
            "expression": false,
            "generator": false,
            "async": false,
            "params": [
              {
                "type": "Identifier",
                "start": 275,
                "end": 276,
                "loc": {
                  "start": {
                    "line": 20,
                    "column": 16
                  },
                  "end": {
                    "line": 20,
                    "column": 17
                  }
                },
                "name": "x"
              }
            ],
            "body": {
              "type": "BlockStatement",
              "start": 281,
              "end": 300,
              "loc": {
                "start": {
                  "line": 20,
                  "column": 22
                },
                "end": {
                  "line": 22,
                  "column": 1
                }
              },
              "body": [
                {
                  "type": "ReturnStatement",
                  "start": 285,
                  "end": 298,
                  "loc": {
                    "start": {
                      "line": 21,
                      "column": 2
                    },
                    "end": {
                      "line": 21,
                      "column": 15
                    }
                  },
                  "argument": {
                    "type": "BinaryExpression",
                    "start": 292,
                    "end": 297,
                    "loc": {
                      "start": {
                        "line": 21,
                        "column": 9
                      },
                      "end": {
                        "line": 21,
                        "column": 14
                      }
                    },
                    "left": {
                      "type": "Identifier",
                      "start": 292,
                      "end": 293,
                      "loc": {
                        "start": {
                          "line": 21,
                          "column": 9
                        },
                        "end": {
                          "line": 21,
                          "column": 10
                        }
                      },
                      "name": "x"
                    },
                    "operator": "*",
                    "right": {
                      "type": "Identifier",
                      "start": 296,
                      "end": 297,
                      "loc": {
                        "start": {
                          "line": 21,
                          "column": 13
                        },
                        "end": {
                          "line": 21,
                          "column": 14
                        }
                      },
                      "name": "x"
                    }
                  }
                }
              ]
            }
          }
        }
      ],
      "kind": "const"
    },
    {
      "type": "VariableDeclaration",
      "start": 303,
      "end": 333,
      "loc": {
        "start": {
          "line": 24,
          "column": 0
        },
        "end": {
          "line": 24,
          "column": 30
        }
      },
      "declarations": [
        {
          "type": "VariableDeclarator",
          "start": 309,
          "end": 332,
          "loc": {
            "start": {
              "line": 24,
              "column": 6
            },
            "end": {
              "line": 24,
              "column": 29
            }
          },
          "id": {
            "type": "Identifier",
            "start": 309,
            "end": 313,
            "loc": {
              "start": {
                "line": 24,
                "column": 6
              },
              "end": {
                "line": 24,
                "column": 10
              }
            },
            "name": "cube"
          },
          "init": {
            "type": "ArrowFunctionExpression",
            "start": 316,
            "end": 332,
            "loc": {
              "start": {
                "line": 24,
                "column": 13
              },
              "end": {
                "line": 24,
                "column": 29
              }
            },
            "id": null,
            "expression": true,
            "generator": false,
            "async": false,
            "params": [
              {
                "type": "Identifier",
                "start": 317,
                "end": 318,
                "loc": {
                  "start": {
                    "line": 24,
                    "column": 14
                  },
                  "end": {
                    "line": 24,
                    "column": 15
                  }
                },
                "name": "x"
              }
            ],
            "body": {
              "type": "BinaryExpression",
              "start": 323,
              "end": 332,
              "loc": {
                "start": {
                  "line": 24,
                  "column": 20
                },
                "end": {
                  "line": 24,
                  "column": 29
                }
              },
              "left": {
                "type": "BinaryExpression",
                "start": 323,
                "end": 328,
                "loc": {
                  "start": {
                    "line": 24,
                    "column": 20
                  },
                  "end": {
                    "line": 24,
                    "column": 25
                  }
                },
                "left": {
                  "type": "Identifier",
                  "start": 323,
                  "end": 324,
                  "loc": {
                    "start": {
                      "line": 24,
                      "column": 20
                    },
                    "end": {
                      "line": 24,
                      "column": 21
                    }
                  },
                  "name": "x"
                },
                "operator": "*",
                "right": {
                  "type": "Identifier",
                  "start": 327,
                  "end": 328,
                  "loc": {
                    "start": {
                      "line": 24,
                      "column": 24
                    },
                    "end": {
                      "line": 24,
                      "column": 25
                    }
                  },
                  "name": "x"
                }
              },
              "operator": "*",
              "right": {
                "type": "Identifier",
                "start": 331,
                "end": 332,
                "loc": {
                  "start": {
                    "line": 24,
                    "column": 28
                  },
                  "end": {
                    "line": 24,
                    "column": 29
                  }
                },
                "name": "x"
              }
            }
          }
        }
      ],
      "kind": "const"
    },
    {
      "type": "VariableDeclaration",
      "start": 353,
      "end": 385,
      "loc": {
        "start": {
          "line": 27,
          "column": 0
        },
        "end": {
          "line": 27,
          "column": 32
        }
      },
      "declarations": [
        {
          "type": "VariableDeclarator",
          "start": 359,
          "end": 384,
          "loc": {
            "start": {
              "line": 27,
              "column": 6
            },
            "end": {
              "line": 27,
              "column": 31
            }
          },
          "id": {
            "type": "Identifier",
            "start": 359,
            "end": 366,
            "loc": {
              "start": {
                "line": 27,
                "column": 6
              },
              "end": {
                "line": 27,
                "column": 13
              }
            },
            "name": "result1"
          },
          "init": {
            "type": "CallExpression",
            "start": 369,
            "end": 384,
            "loc": {
              "start": {
                "line": 27,
                "column": 16
              },
              "end": {
                "line": 27,
                "column": 31
              }
            },
            "callee": {
              "type": "Identifier",
              "start": 369,
              "end": 372,
              "loc": {
                "start": {
                  "line": 27,
                  "column": 16
                },
                "end": {
                  "line": 27,
                  "column": 19
                }
              },
              "name": "add"
            },
            "arguments": [
              {
                "type": "Literal",
                "start": 373,
                "end": 374,
                "loc": {
                  "start": {
                    "line": 27,
                    "column": 20
                  },
                  "end": {
                    "line": 27,
                    "column": 21
                  }
                },
                "value": 5,
                "raw": "5"
              },
              {
                "type": "Literal",
                "start": 376,
                "end": 383,
                "loc": {
                  "start": {
                    "line": 27,
                    "column": 23
                  },
                  "end": {
                    "line": 27,
                    "column": 30
                  }
                },
                "value": "three",
                "raw": "'three'"
              }
            ],
            "optional": false
          }
        }
      ],
      "kind": "const"
    }
  ],
  "sourceType": "module"
}

Parsed file: Server/temp-file-upload/test-repo/memExpressions.js
AST: {
  "type": "Program",
  "start": 0,
  "end": 419,
  "loc": {
    "start": {
      "line": 1,
      "column": 0
    },
    "end": {
      "line": 25,
      "column": 0
    }
  },
  "body": [
    {
      "type": "VariableDeclaration",
      "start": 25,
      "end": 164,
      "loc": {
        "start": {
          "line": 4,
          "column": 0
        },
        "end": {
          "line": 9,
          "column": 2
        }
      },
      "declarations": [
        {
          "type": "VariableDeclarator",
          "start": 31,
          "end": 163,
          "loc": {
            "start": {
              "line": 4,
              "column": 6
            },
            "end": {
              "line": 9,
              "column": 1
            }
          },
          "id": {
            "type": "Identifier",
            "start": 31,
            "end": 34,
            "loc": {
              "start": {
                "line": 4,
                "column": 6
              },
              "end": {
                "line": 4,
                "column": 9
              }
            },
            "name": "car"
          },
          "init": {
            "type": "ObjectExpression",
            "start": 37,
            "end": 163,
            "loc": {
              "start": {
                "line": 4,
                "column": 12
              },
              "end": {
                "line": 9,
                "column": 1
              }
            },
            "properties": [
              {
                "type": "Property",
                "start": 41,
                "end": 55,
                "loc": {
                  "start": {
                    "line": 5,
                    "column": 2
                  },
                  "end": {
                    "line": 5,
                    "column": 16
                  }
                },
                "method": false,
                "shorthand": false,
                "computed": false,
                "key": {
                  "type": "Identifier",
                  "start": 41,
                  "end": 45,
                  "loc": {
                    "start": {
                      "line": 5,
                      "column": 2
                    },
                    "end": {
                      "line": 5,
                      "column": 6
                    }
                  },
                  "name": "make"
                },
                "value": {
                  "type": "Literal",
                  "start": 47,
                  "end": 55,
                  "loc": {
                    "start": {
                      "line": 5,
                      "column": 8
                    },
                    "end": {
                      "line": 5,
                      "column": 16
                    }
                  },
                  "value": "Toyota",
                  "raw": "'Toyota'"
                },
                "kind": "init"
              },
              {
                "type": "Property",
                "start": 59,
                "end": 73,
                "loc": {
                  "start": {
                    "line": 6,
                    "column": 2
                  },
                  "end": {
                    "line": 6,
                    "column": 16
                  }
                },
                "method": false,
                "shorthand": false,
                "computed": false,
                "key": {
                  "type": "Identifier",
                  "start": 59,
                  "end": 64,
                  "loc": {
                    "start": {
                      "line": 6,
                      "column": 2
                    },
                    "end": {
                      "line": 6,
                      "column": 7
                    }
                  },
                  "name": "model"
                },
                "value": {
                  "type": "Literal",
                  "start": 66,
                  "end": 73,
                  "loc": {
                    "start": {
                      "line": 6,
                      "column": 9
                    },
                    "end": {
                      "line": 6,
                      "column": 16
                    }
                  },
                  "value": "Camry",
                  "raw": "'Camry'"
                },
                "kind": "init"
              },
              {
                "type": "Property",
                "start": 77,
                "end": 87,
                "loc": {
                  "start": {
                    "line": 7,
                    "column": 2
                  },
                  "end": {
                    "line": 7,
                    "column": 12
                  }
                },
                "method": false,
                "shorthand": false,
                "computed": false,
                "key": {
                  "type": "Identifier",
                  "start": 77,
                  "end": 81,
                  "loc": {
                    "start": {
                      "line": 7,
                      "column": 2
                    },
                    "end": {
                      "line": 7,
                      "column": 6
                    }
                  },
                  "name": "year"
                },
                "value": {
                  "type": "Literal",
                  "start": 83,
                  "end": 87,
                  "loc": {
                    "start": {
                      "line": 7,
                      "column": 8
                    },
                    "end": {
                      "line": 7,
                      "column": 12
                    }
                  },
                  "value": 2020,
                  "raw": "2020"
                },
                "kind": "init"
              },
              {
                "type": "Property",
                "start": 91,
                "end": 161,
                "loc": {
                  "start": {
                    "line": 8,
                    "column": 2
                  },
                  "end": {
                    "line": 8,
                    "column": 72
                  }
                },
                "method": false,
                "shorthand": false,
                "computed": false,
                "key": {
                  "type": "Identifier",
                  "start": 91,
                  "end": 99,
                  "loc": {
                    "start": {
                      "line": 8,
                      "column": 2
                    },
                    "end": {
                      "line": 8,
                      "column": 10
                    }
                  },
                  "name": "features"
                },
                "value": {
                  "type": "ArrayExpression",
                  "start": 101,
                  "end": 161,
                  "loc": {
                    "start": {
                      "line": 8,
                      "column": 12
                    },
                    "end": {
                      "line": 8,
                      "column": 72
                    }
                  },
                  "elements": [
                    {
                      "type": "Literal",
                      "start": 102,
                      "end": 126,
                      "loc": {
                        "start": {
                          "line": 8,
                          "column": 13
                        },
                        "end": {
                          "line": 8,
                          "column": 37
                        }
                      },
                      "value": "Automatic transmission",
                      "raw": "'Automatic transmission'"
                    },
                    {
                      "type": "Literal",
                      "start": 128,
                      "end": 143,
                      "loc": {
                        "start": {
                          "line": 8,
                          "column": 39
                        },
                        "end": {
                          "line": 8,
                          "column": 54
                        }
                      },
                      "value": "Power windows",
                      "raw": "'Power windows'"
                    },
                    {
                      "type": "Literal",
                      "start": 145,
                      "end": 160,
                      "loc": {
                        "start": {
                          "line": 8,
                          "column": 56
                        },
                        "end": {
                          "line": 8,
                          "column": 71
                        }
                      },
                      "value": "Keyless entry",
                      "raw": "'Keyless entry'"
                    }
                  ]
                },
                "kind": "init"
              }
            ]
          }
        }
      ],
      "kind": "const"
    },
    {
      "type": "VariableDeclaration",
      "start": 222,
      "end": 247,
      "loc": {
        "start": {
          "line": 13,
          "column": 0
        },
        "end": {
          "line": 13,
          "column": 25
        }
      },
      "declarations": [
        {
          "type": "VariableDeclarator",
          "start": 228,
          "end": 246,
          "loc": {
            "start": {
              "line": 13,
              "column": 6
            },
            "end": {
              "line": 13,
              "column": 24
            }
          },
          "id": {
            "type": "Identifier",
            "start": 228,
            "end": 235,
            "loc": {
              "start": {
                "line": 13,
                "column": 6
              },
              "end": {
                "line": 13,
                "column": 13
              }
            },
            "name": "carMake"
          },
          "init": {
            "type": "MemberExpression",
            "start": 238,
            "end": 246,
            "loc": {
              "start": {
                "line": 13,
                "column": 16
              },
              "end": {
                "line": 13,
                "column": 24
              }
            },
            "object": {
              "type": "Identifier",
              "start": 238,
              "end": 241,
              "loc": {
                "start": {
                  "line": 13,
                  "column": 16
                },
                "end": {
                  "line": 13,
                  "column": 19
                }
              },
              "name": "car"
            },
            "property": {
              "type": "Identifier",
              "start": 242,
              "end": 246,
              "loc": {
                "start": {
                  "line": 13,
                  "column": 20
                },
                "end": {
                  "line": 13,
                  "column": 24
                }
              },
              "name": "make"
            },
            "computed": false,
            "optional": false
          }
        }
      ],
      "kind": "const"
    },
    {
      "type": "VariableDeclaration",
      "start": 276,
      "end": 301,
      "loc": {
        "start": {
          "line": 18,
          "column": 0
        },
        "end": {
          "line": 18,
          "column": 25
        }
      },
      "declarations": [
        {
          "type": "VariableDeclarator",
          "start": 282,
          "end": 300,
          "loc": {
            "start": {
              "line": 18,
              "column": 6
            },
            "end": {
              "line": 18,
              "column": 24
            }
          },
          "id": {
            "type": "Identifier",
            "start": 282,
            "end": 291,
            "loc": {
              "start": {
                "line": 18,
                "column": 6
              },
              "end": {
                "line": 18,
                "column": 15
              }
            },
            "name": "cityName2"
          },
          "init": {
            "type": "Literal",
            "start": 294,
            "end": 300,
            "loc": {
              "start": {
                "line": 18,
                "column": 18
              },
              "end": {
                "line": 18,
                "column": 24
              }
            },
            "value": "year",
            "raw": "'year'"
          }
        }
      ],
      "kind": "const"
    },
    {
      "type": "VariableDeclaration",
      "start": 375,
      "end": 416,
      "loc": {
        "start": {
          "line": 22,
          "column": 0
        },
        "end": {
          "line": 22,
          "column": 41
        }
      },
      "declarations": [
        {
          "type": "VariableDeclarator",
          "start": 381,
          "end": 415,
          "loc": {
            "start": {
              "line": 22,
              "column": 6
            },
            "end": {
              "line": 22,
              "column": 40
            }
          },
          "id": {
            "type": "Identifier",
            "start": 381,
            "end": 398,
            "loc": {
              "start": {
                "line": 22,
                "column": 6
              },
              "end": {
                "line": 22,
                "column": 23
              }
            },
            "name": "personCityBracket"
          },
          "init": {
            "type": "MemberExpression",
            "start": 401,
            "end": 415,
            "loc": {
              "start": {
                "line": 22,
                "column": 26
              },
              "end": {
                "line": 22,
                "column": 40
              }
            },
            "object": {
              "type": "Identifier",
              "start": 401,
              "end": 404,
              "loc": {
                "start": {
                  "line": 22,
                  "column": 26
                },
                "end": {
                  "line": 22,
                  "column": 29
                }
              },
              "name": "car"
            },
            "property": {
              "type": "Identifier",
              "start": 405,
              "end": 414,
              "loc": {
                "start": {
                  "line": 22,
                  "column": 30
                },
                "end": {
                  "line": 22,
                  "column": 39
                }
              },
              "name": "cityName2"
            },
            "computed": true,
            "optional": false
          }
        }
      ],
      "kind": "const"
    }
  ],
  "sourceType": "module"
}

