[
  [
    {
      "fileName": "file1",
      "details": [
        {
          "url": "endpoint1"
        },
        {
          "url": "endpoint2"
        }
      ]
    },
    {
      "fileName": "file2",
      "details": [
        {
          "url": "endpoint1"
        },
        {
          "url": "endpoint2"
        },
        {
          "url": "endpoint3"
        }
      ]
    },
    {
      "fileName": "file4",
      "details": [
        {
          "url": "endpoint3"
        }
      ]
    }
  ],
  [
    {
      "fileName": "file5",
      "details": [
        {
          "url": "endpoint6"
        }
      ]
    }
  ],
  [
    {
      "fileName": "file3",
      "details": [
        {
          "url": "endpoint1"
        },
        {
          "url": "endpoint4"
        }
      ]
    }
  ]
]