Dependency Cruiser Output:
{
  "modules": [
    {
      "source": "Server/temp-file-upload/unit-11-authentication/client/config/keys.js",
      "dependencies": [],
      "dependents": [],
      "orphan": true,
      "valid": true
    },
    {
      "source": "Server/temp-file-upload/unit-11-authentication/client/scripts/secret.js",
      "dependencies": [],
      "dependents": [],
      "orphan": true,
      "valid": true
    },
    {
      "source": "Server/temp-file-upload/unit-11-authentication/server/controllers/cookieController.js",
      "dependencies": [],
      "dependents": [
        "Server/temp-file-upload/unit-11-authentication/server/server.js"
      ],
      "orphan": false,
      "valid": true
    },
    {
      "source": "Server/temp-file-upload/unit-11-authentication/server/controllers/sessionController.js",
      "dependencies": [
        {
          "module": "../models/sessionModel",
          "moduleSystem": "cjs",
          "dynamic": false,
          "exoticallyRequired": false,
          "dependencyTypes": [
            "local",
            "require"
          ],
          "resolved": "Server/temp-file-upload/unit-11-authentication/server/models/sessionModel.js",
          "coreModule": false,
          "followable": true,
          "couldNotResolve": false,
          "matchesDoNotFollow": false,
          "circular": false,
          "valid": true
        }
      ],
      "dependents": [
        "Server/temp-file-upload/unit-11-authentication/server/server.js"
      ],
      "orphan": false,
      "valid": true
    },
    {
      "source": "Server/temp-file-upload/unit-11-authentication/server/models/sessionModel.js",
      "dependencies": [
        {
          "module": "mongoose",
          "moduleSystem": "cjs",
          "dynamic": false,
          "exoticallyRequired": false,
          "dependencyTypes": [
            "unknown"
          ],
          "resolved": "mongoose",
          "coreModule": false,
          "followable": false,
          "couldNotResolve": true,
          "matchesDoNotFollow": false,
          "circular": false,
          "valid": true
        }
      ],
      "dependents": [
        "Server/temp-file-upload/unit-11-authentication/server/controllers/sessionController.js"
      ],
      "orphan": false,
      "valid": true
    },
    {
      "source": "mongoose",
      "followable": false,
      "coreModule": false,
      "couldNotResolve": true,
      "matchesDoNotFollow": false,
      "dependencyTypes": [
        "unknown"
      ],
      "dependencies": [],
      "dependents": [
        "Server/temp-file-upload/unit-11-authentication/server/models/sessionModel.js",
        "Server/temp-file-upload/unit-11-authentication/server/models/userModel.js",
        "Server/temp-file-upload/unit-11-authentication/server/server.js"
      ],
      "orphan": false,
      "valid": true
    },
    {
      "source": "Server/temp-file-upload/unit-11-authentication/server/controllers/userController.js",
      "dependencies": [
        {
          "module": "../models/userModel",
          "moduleSystem": "cjs",
          "dynamic": false,
          "exoticallyRequired": false,
          "dependencyTypes": [
            "local",
            "require"
          ],
          "resolved": "Server/temp-file-upload/unit-11-authentication/server/models/userModel.js",
          "coreModule": false,
          "followable": true,
          "couldNotResolve": false,
          "matchesDoNotFollow": false,
          "circular": false,
          "valid": true
        },
        {
          "module": "bcryptjs",
          "moduleSystem": "cjs",
          "dynamic": false,
          "exoticallyRequired": false,
          "dependencyTypes": [
            "unknown"
          ],
          "resolved": "bcryptjs",
          "coreModule": false,
          "followable": false,
          "couldNotResolve": true,
          "matchesDoNotFollow": false,
          "circular": false,
          "valid": true
        }
      ],
      "dependents": [
        "Server/temp-file-upload/unit-11-authentication/server/server.js"
      ],
      "orphan": false,
      "valid": true
    },
    {
      "source": "bcryptjs",
      "followable": false,
      "coreModule": false,
      "couldNotResolve": true,
      "matchesDoNotFollow": false,
      "dependencyTypes": [
        "unknown"
      ],
      "dependencies": [],
      "dependents": [
        "Server/temp-file-upload/unit-11-authentication/server/controllers/userController.js",
        "Server/temp-file-upload/unit-11-authentication/server/models/userModel.js"
      ],
      "orphan": false,
      "valid": true
    },
    {
      "source": "Server/temp-file-upload/unit-11-authentication/server/models/userModel.js",
      "dependencies": [
        {
          "module": "bcryptjs",
          "moduleSystem": "cjs",
          "dynamic": false,
          "exoticallyRequired": false,
          "dependencyTypes": [
            "unknown"
          ],
          "resolved": "bcryptjs",
          "coreModule": false,
          "followable": false,
          "couldNotResolve": true,
          "matchesDoNotFollow": false,
          "circular": false,
          "valid": true
        },
        {
          "module": "mongoose",
          "moduleSystem": "cjs",
          "dynamic": false,
          "exoticallyRequired": false,
          "dependencyTypes": [
            "unknown"
          ],
          "resolved": "mongoose",
          "coreModule": false,
          "followable": false,
          "couldNotResolve": true,
          "matchesDoNotFollow": false,
          "circular": false,
          "valid": true
        }
      ],
      "dependents": [
        "Server/temp-file-upload/unit-11-authentication/server/controllers/userController.js"
      ],
      "orphan": false,
      "valid": true
    },
    {
      "source": "Server/temp-file-upload/unit-11-authentication/server/server.js",
      "dependencies": [
        {
          "module": "./controllers/cookieController",
          "moduleSystem": "cjs",
          "dynamic": false,
          "exoticallyRequired": false,
          "dependencyTypes": [
            "local",
            "require"
          ],
          "resolved": "Server/temp-file-upload/unit-11-authentication/server/controllers/cookieController.js",
          "coreModule": false,
          "followable": true,
          "couldNotResolve": false,
          "matchesDoNotFollow": false,
          "circular": false,
          "valid": true
        },
        {
          "module": "./controllers/sessionController",
          "moduleSystem": "cjs",
          "dynamic": false,
          "exoticallyRequired": false,
          "dependencyTypes": [
            "local",
            "require"
          ],
          "resolved": "Server/temp-file-upload/unit-11-authentication/server/controllers/sessionController.js",
          "coreModule": false,
          "followable": true,
          "couldNotResolve": false,
          "matchesDoNotFollow": false,
          "circular": false,
          "valid": true
        },
        {
          "module": "./controllers/userController",
          "moduleSystem": "cjs",
          "dynamic": false,
          "exoticallyRequired": false,
          "dependencyTypes": [
            "local",
            "require"
          ],
          "resolved": "Server/temp-file-upload/unit-11-authentication/server/controllers/userController.js",
          "coreModule": false,
          "followable": true,
          "couldNotResolve": false,
          "matchesDoNotFollow": false,
          "circular": false,
          "valid": true
        },
        {
          "module": "cookie-parser",
          "moduleSystem": "cjs",
          "dynamic": false,
          "exoticallyRequired": false,
          "dependencyTypes": [
            "unknown"
          ],
          "resolved": "cookie-parser",
          "coreModule": false,
          "followable": false,
          "couldNotResolve": true,
          "matchesDoNotFollow": false,
          "circular": false,
          "valid": true
        },
        {
          "module": "mongoose",
          "moduleSystem": "cjs",
          "dynamic": false,
          "exoticallyRequired": false,
          "dependencyTypes": [
            "unknown"
          ],
          "resolved": "mongoose",
          "coreModule": false,
          "followable": false,
          "couldNotResolve": true,
          "matchesDoNotFollow": false,
          "circular": false,
          "valid": true
        },
        {
          "module": "path",
          "moduleSystem": "cjs",
          "dynamic": false,
          "exoticallyRequired": false,
          "dependencyTypes": [
            "core",
            "require"
          ],
          "resolved": "path",
          "coreModule": true,
          "followable": false,
          "couldNotResolve": false,
          "matchesDoNotFollow": false,
          "circular": false,
          "valid": true
        }
      ],
      "dependents": [],
      "orphan": false,
      "valid": true
    },
    {
      "source": "cookie-parser",
      "followable": false,
      "coreModule": false,
      "couldNotResolve": true,
      "matchesDoNotFollow": false,
      "dependencyTypes": [
        "unknown"
      ],
      "dependencies": [],
      "dependents": [
        "Server/temp-file-upload/unit-11-authentication/server/server.js"
      ],
      "orphan": false,
      "valid": true
    },
    {
      "source": "path",
      "followable": false,
      "coreModule": true,
      "couldNotResolve": false,
      "matchesDoNotFollow": false,
      "dependencyTypes": [
        "core",
        "require"
      ],
      "dependencies": [],
      "dependents": [
        "Server/temp-file-upload/unit-11-authentication/server/server.js"
      ],
      "orphan": false,
      "valid": true
    }
  ],
  "summary": {
    "violations": [],
    "error": 0,
    "warn": 0,
    "info": 0,
    "ignore": 0,
    "totalCruised": 12,
    "totalDependenciesCruised": 12,
    "optionsUsed": {
      "baseDir": "/Users/bronxelliot/Desktop/FFSS-OSP",
      "combinedDependencies": false,
      "doNotFollow": {
        "path": "node_modules"
      },
      "exclude": {
        "path": "node_modules"
      },
      "exoticRequireStrings": [],
      "externalModuleResolutionStrategy": "node_modules",
      "metrics": false,
      "moduleSystems": [
        "es6",
        "cjs",
        "tsd",
        "amd"
      ],
      "outputType": "json",
      "preserveSymlinks": false,
      "tsPreCompilationDeps": false,
      "args": "./Server/temp-file-upload"
    }
  }
}
