{
  "name": "anotherTest",
  "type": "directory",
  "path": "/Users/rossterker/Codesmith/projects/FFSS-OSP/src/server/temp-file-upload/anotherTest",
  "children": [
    {
      "name": "code3.js",
      "type": "file",
      "path": "/Users/rossterker/Codesmith/projects/FFSS-OSP/src/server/temp-file-upload/anotherTest/code3.js",
      "children": [],
      "info": {
        "fileSize": 1203,
        "linesOfCode": 328,
        "complexity": 86,
        "dependents": [],
        "dependencies": [
          {
            "module": "../models/models",
            "moduleSystem": "cjs",
            "dynamic": false,
            "exoticallyRequired": false,
            "dependencyTypes": [
              "unknown"
            ],
            "resolved": "../models/models",
            "coreModule": false,
            "followable": false,
            "couldNotResolve": true,
            "matchesDoNotFollow": false,
            "circular": false,
            "valid": true
          }
        ],
        "isModule": true,
        "exportedModules": [
          "apiController"
        ]
      },
      "deepInfo": {
        "orphan": false,
        "funcDecName": [],
        "funcExpressions": [],
        "funcArrowExpressions": [],
        "classDeclarations": [],
        "funcCallExpressions": [],
        "memberExpressions": [
          {
            "object": "apiController",
            "property": [
              "checkApi"
            ],
            "property_access_notation": "dot"
          },
          {
            "property": [
              "title"
            ],
            "property_access_notation": "dot"
          },
          {
            "object": "res",
            "property": [
              "locals"
            ],
            "property_access_notation": "dot"
          },
          {
            "property": [
              "replaceAll"
            ],
            "property_access_notation": "dot"
          },
          {
            "property": [
              "title"
            ],
            "property_access_notation": "dot"
          },
          {
            "object": "res",
            "property": [
              "locals"
            ],
            "property_access_notation": "dot"
          },
          {
            "object": "response",
            "property": [
              "json"
            ],
            "property_access_notation": "dot"
          },
          {
            "property": [
              "map"
            ],
            "property_access_notation": "dot"
          },
          {
            "property": [
              "slice"
            ],
            "property_access_notation": "dot"
          },
          {
            "object": "data",
            "property": [
              "docs"
            ],
            "property_access_notation": "dot"
          },
          {
            "property": [
              "slice"
            ],
            "property_access_notation": "dot"
          },
          {
            "object": "doc",
            "property": [
              "key"
            ],
            "property_access_notation": "dot"
          },
          {
            "object": "doc",
            "property": [
              "title"
            ],
            "property_access_notation": "dot"
          },
          {
            "object": "doc",
            "property": [
              "author_name"
            ],
            "property_access_notation": "dot"
          },
          {
            "property": false,
            "property_access_notation": "bracket"
          },
          {
            "object": "doc",
            "property": [
              "author_name"
            ],
            "property_access_notation": "dot"
          },
          {
            "object": "doc",
            "property": [
              "cover_edition_key"
            ],
            "property_access_notation": "dot"
          },
          {
            "object": "doc",
            "property": [
              "cover_edition_key"
            ],
            "property_access_notation": "dot"
          },
          {
            "object": "doc",
            "property": [
              "subject"
            ],
            "property_access_notation": "dot"
          },
          {
            "object": "doc",
            "property": [
              "subject"
            ],
            "property_access_notation": "dot"
          },
          {
            "object": "console",
            "property": [
              "log"
            ],
            "property_access_notation": "dot"
          },
          {
            "property": [
              "bookData"
            ],
            "property_access_notation": "dot"
          },
          {
            "object": "res",
            "property": [
              "locals"
            ],
            "property_access_notation": "dot"
          },
          {
            "object": "console",
            "property": [
              "log"
            ],
            "property_access_notation": "dot"
          },
          {
            "property": [
              "bookData"
            ],
            "property_access_notation": "dot"
          },
          {
            "object": "res",
            "property": [
              "locals"
            ],
            "property_access_notation": "dot"
          },
          {
            "object": "console",
            "property": [
              "log"
            ],
            "property_access_notation": "dot"
          },
          {
            "object": "module",
            "property": [
              "exports"
            ],
            "property_access_notation": "dot"
          }
        ]
      },
      "dbInfo": [
        {
          "dbInteraction": false,
          "dbType": null,
          "totalInteractions": 0,
          "details": null
        }
      ],
      "apiInfo": {
        "totalInteractions": 12,
        "details": [
          {
            "apiType": "fetch",
            "apiURL": "../models/models",
            "typeOfCall": "GET"
          },
          {
            "apiType": "fetch",
            "apiURL": "+",
            "typeOfCall": "GET"
          },
          {
            "apiType": "fetch",
            "apiURL": null,
            "typeOfCall": "GET"
          },
          {
            "apiType": "fetch",
            "apiURL": null,
            "typeOfCall": "GET"
          },
          {
            "apiType": "fetch",
            "apiURL": null,
            "typeOfCall": "GET"
          },
          {
            "apiType": "fetch",
            "apiURL": 5,
            "typeOfCall": "GET"
          },
          {
            "apiType": "fetch",
            "apiURL": 7,
            "typeOfCall": "GET"
          },
          {
            "apiType": "fetch",
            "apiURL": ">>> searched books: ",
            "typeOfCall": "GET"
          },
          {
            "apiType": "fetch",
            "apiURL": null,
            "typeOfCall": "GET"
          },
          {
            "apiType": "fetch",
            "apiURL": null,
            "typeOfCall": "GET"
          },
          {
            "apiType": "fetch",
            "apiURL": null,
            "typeOfCall": "GET"
          },
          {
            "apiType": "fetch",
            "apiURL": "Error in apiController fetch request",
            "typeOfCall": "GET"
          }
        ]
      }
    },
    {
      "name": "parser.js",
      "type": "file",
      "path": "/Users/rossterker/Codesmith/projects/FFSS-OSP/src/server/temp-file-upload/anotherTest/parser.js",
      "children": [],
      "info": {
        "fileSize": 317,
        "linesOfCode": 9,
        "complexity": 1,
        "dependents": [],
        "dependencies": [
          {
            "module": "fs",
            "moduleSystem": "cjs",
            "dynamic": false,
            "exoticallyRequired": false,
            "dependencyTypes": [
              "core",
              "require"
            ],
            "resolved": "fs",
            "coreModule": true,
            "followable": false,
            "couldNotResolve": false,
            "matchesDoNotFollow": false,
            "circular": false,
            "valid": true
          },
          {
            "module": "path",
            "moduleSystem": "cjs",
            "dynamic": false,
            "exoticallyRequired": false,
            "dependencyTypes": [
              "core",
              "require"
            ],
            "resolved": "path",
            "coreModule": true,
            "followable": false,
            "couldNotResolve": false,
            "matchesDoNotFollow": false,
            "circular": false,
            "valid": true
          }
        ],
        "isModule": false,
        "exportedModules": []
      },
      "deepInfo": {
        "orphan": false,
        "funcDecName": [],
        "funcExpressions": [],
        "funcArrowExpressions": [],
        "classDeclarations": [],
        "funcCallExpressions": [],
        "memberExpressions": [
          {
            "object": "fs",
            "property": [
              "readFileSync"
            ],
            "property_access_notation": "dot"
          },
          {
            "object": "path",
            "property": [
              "join"
            ],
            "property_access_notation": "dot"
          },
          {
            "object": "fs",
            "property": [
              "writeFileSync"
            ],
            "property_access_notation": "dot"
          },
          {
            "object": "path",
            "property": [
              "join"
            ],
            "property_access_notation": "dot"
          },
          {
            "object": "JSON",
            "property": [
              "stringify"
            ],
            "property_access_notation": "dot"
          }
        ]
      },
      "dbInfo": [
        {
          "dbInteraction": false,
          "dbType": null,
          "totalInteractions": 0,
          "details": null
        }
      ],
      "apiInfo": {
        "totalInteractions": 0,
        "details": []
      }
    }
  ]
}